<?xml version="1.0" encoding="UTF-8"?>
<!-- Generated by org.testng.reporters.JUnitXMLReporter -->
<testsuite ignored="0" hostname="DESKTOP-7L49SOM" failures="0" tests="3" name="Test" time="17.297" errors="0" timestamp="02 Sep. 2021 21:05:19 GMT">
  <testcase classname="tests.LoginTest" name="verifyEmptyEmailPassowordTest" time="2.508"/>
  <testcase classname="tests.LoginTest" name="verifySpecialCharactersEmailPassowordTest" time="2.441"/>
  <testcase classname="tests.LoginTest" name="verifyWrongEmailPassowordTest" time="2.44"/>
</testsuite> <!-- Test -->
