<?xml version="1.0" encoding="UTF-8"?>
<testng-results ignored="0" total="3" passed="3" failed="0" skipped="0">
  <reporter-output>
  </reporter-output>
  <suite started-at="2021-09-02T21:05:02Z" name="Suite" finished-at="2021-09-02T21:05:19Z" duration-ms="17297">
    <groups>
    </groups>
    <test started-at="2021-09-02T21:05:02Z" name="Test" finished-at="2021-09-02T21:05:19Z" duration-ms="17297">
      <class name="tests.LoginTest">
        <test-method is-config="true" signature="beforeClass()[pri:0, instance:tests.LoginTest@201b6b6f]" started-at="2021-09-02T17:05:02Z" name="beforeClass" finished-at="2021-09-02T17:05:07Z" duration-ms="5282" status="PASS">
          <reporter-output>
          </reporter-output>
        </test-method> <!-- beforeClass -->
        <test-method is-config="true" signature="beforeMethod()[pri:0, instance:tests.LoginTest@201b6b6f]" started-at="2021-09-02T17:05:07Z" name="beforeMethod" finished-at="2021-09-02T17:05:10Z" duration-ms="2098" status="PASS">
          <reporter-output>
          </reporter-output>
        </test-method> <!-- beforeMethod -->
        <test-method signature="verifyEmptyEmailPassowordTest()[pri:0, instance:tests.LoginTest@201b6b6f]" started-at="2021-09-02T17:05:10Z" name="verifyEmptyEmailPassowordTest" finished-at="2021-09-02T17:05:12Z" duration-ms="2508" status="PASS">
          <reporter-output>
          </reporter-output>
        </test-method> <!-- verifyEmptyEmailPassowordTest -->
        <test-method is-config="true" signature="afterMethod()[pri:0, instance:tests.LoginTest@201b6b6f]" started-at="2021-09-02T17:05:12Z" name="afterMethod" finished-at="2021-09-02T17:05:12Z" duration-ms="1" status="PASS">
          <reporter-output>
          </reporter-output>
        </test-method> <!-- afterMethod -->
        <test-method is-config="true" signature="beforeMethod()[pri:0, instance:tests.LoginTest@201b6b6f]" started-at="2021-09-02T17:05:12Z" name="beforeMethod" finished-at="2021-09-02T17:05:13Z" duration-ms="864" status="PASS">
          <reporter-output>
          </reporter-output>
        </test-method> <!-- beforeMethod -->
        <test-method signature="verifySpecialCharactersEmailPassowordTest()[pri:0, instance:tests.LoginTest@201b6b6f]" started-at="2021-09-02T17:05:13Z" name="verifySpecialCharactersEmailPassowordTest" finished-at="2021-09-02T17:05:15Z" duration-ms="2441" status="PASS">
          <reporter-output>
          </reporter-output>
        </test-method> <!-- verifySpecialCharactersEmailPassowordTest -->
        <test-method is-config="true" signature="beforeMethod()[pri:0, instance:tests.LoginTest@201b6b6f]" started-at="2021-09-02T17:05:15Z" name="beforeMethod" finished-at="2021-09-02T17:05:16Z" duration-ms="866" status="PASS">
          <reporter-output>
          </reporter-output>
        </test-method> <!-- beforeMethod -->
        <test-method is-config="true" signature="afterMethod()[pri:0, instance:tests.LoginTest@201b6b6f]" started-at="2021-09-02T17:05:15Z" name="afterMethod" finished-at="2021-09-02T17:05:15Z" duration-ms="0" status="PASS">
          <reporter-output>
          </reporter-output>
        </test-method> <!-- afterMethod -->
        <test-method signature="verifyWrongEmailPassowordTest()[pri:0, instance:tests.LoginTest@201b6b6f]" started-at="2021-09-02T17:05:16Z" name="verifyWrongEmailPassowordTest" finished-at="2021-09-02T17:05:19Z" duration-ms="2440" status="PASS">
          <reporter-output>
          </reporter-output>
        </test-method> <!-- verifyWrongEmailPassowordTest -->
        <test-method is-config="true" signature="afterMethod()[pri:0, instance:tests.LoginTest@201b6b6f]" started-at="2021-09-02T17:05:19Z" name="afterMethod" finished-at="2021-09-02T17:05:19Z" duration-ms="0" status="PASS">
          <reporter-output>
          </reporter-output>
        </test-method> <!-- afterMethod -->
        <test-method is-config="true" signature="afterClass()[pri:0, instance:tests.LoginTest@201b6b6f]" started-at="2021-09-02T17:05:19Z" name="afterClass" finished-at="2021-09-02T17:05:19Z" duration-ms="778" status="PASS">
          <reporter-output>
          </reporter-output>
        </test-method> <!-- afterClass -->
      </class> <!-- tests.LoginTest -->
    </test> <!-- Test -->
  </suite> <!-- Suite -->
</testng-results>
